TN:
SF:src\apiClient.ts
FN:13,createWealthStackApi
FN:21,fetchWithTimeout
FN:26,(anonymous_2)
FN:51,refreshTokens
FN:73,refreshTokensSingleFlight
FN:75,(anonymous_5)
FN:82,request
FN:127,(anonymous_7)
FN:131,(anonymous_8)
FN:138,(anonymous_9)
FN:145,(anonymous_10)
FN:149,(anonymous_11)
FN:153,(anonymous_12)
FN:154,(anonymous_13)
FN:157,(anonymous_14)
FN:168,(anonymous_15)
FN:169,(anonymous_16)
FN:172,(anonymous_17)
FNF:18
FNH:18
FNDA:12,createWealthStackApi
FNDA:14,fetchWithTimeout
FNDA:1,(anonymous_2)
FNDA:2,refreshTokens
FNDA:1,refreshTokensSingleFlight
FNDA:1,(anonymous_5)
FNDA:13,request
FNDA:2,(anonymous_7)
FNDA:1,(anonymous_8)
FNDA:6,(anonymous_9)
FNDA:1,(anonymous_10)
FNDA:1,(anonymous_11)
FNDA:1,(anonymous_12)
FNDA:1,(anonymous_13)
FNDA:1,(anonymous_14)
FNDA:1,(anonymous_15)
FNDA:1,(anonymous_16)
FNDA:1,(anonymous_17)
DA:9,1
DA:11,1
DA:13,1
DA:14,12
DA:15,12
DA:17,12
DA:19,12
DA:25,14
DA:26,14
DA:27,14
DA:28,14
DA:33,2
DA:34,1
DA:39,1
DA:40,1
DA:45,0
DA:47,14
DA:52,2
DA:53,2
DA:54,1
DA:56,1
DA:61,1
DA:62,1
DA:63,0
DA:64,0
DA:69,1
DA:70,1
DA:74,1
DA:75,1
DA:76,1
DA:79,1
DA:87,13
DA:88,13
DA:89,9
DA:91,13
DA:92,13
DA:93,13
DA:94,6
DA:97,13
DA:102,11
DA:103,1
DA:104,1
DA:108,10
DA:109,10
DA:111,1
DA:117,9
DA:118,1
DA:120,8
DA:121,1
DA:123,7
DA:126,12
DA:128,2
DA:132,1
DA:139,6
DA:146,1
DA:150,1
DA:154,1
DA:158,1
DA:169,1
DA:178,1
LF:60
LH:57
BRDA:15,0,0,12
BRDA:15,0,1,1
BRDA:17,1,0,12
BRDA:17,1,1,11
BRDA:23,2,0,0
BRDA:30,3,0,14
BRDA:30,3,1,14
BRDA:33,4,0,1
BRDA:33,5,0,2
BRDA:33,5,1,2
BRDA:39,6,0,1
BRDA:53,7,0,1
BRDA:62,8,0,0
BRDA:62,9,0,1
BRDA:62,9,1,1
BRDA:65,10,0,0
BRDA:65,10,1,0
BRDA:66,11,0,0
BRDA:66,11,1,0
BRDA:74,12,0,1
BRDA:84,13,0,3
BRDA:85,14,0,12
BRDA:88,15,0,9
BRDA:88,16,0,13
BRDA:88,16,1,13
BRDA:93,17,0,6
BRDA:93,18,0,13
BRDA:93,18,1,6
BRDA:102,19,0,1
BRDA:102,20,0,11
BRDA:102,20,1,1
BRDA:102,20,2,1
BRDA:117,21,0,1
BRDA:120,22,0,1
BRDA:154,23,0,1
BRDA:154,23,1,0
BRDA:157,24,0,1
BRDA:157,25,0,1
BRDA:169,26,0,1
BRDA:169,26,1,0
BRDA:184,27,0,1
BRDA:184,27,1,0
BRF:42
BRH:33
end_of_record
